<?xml version="1.0" encoding="UTF-8"?>
<testsuite name="petstore.Pet" tests="1" skipped="0" failures="0" errors="0" timestamp="2023-03-14T17:23:18" hostname="spo-a-007069" time="4.094">
  <properties/>
  <testcase name="consultarPet" classname="petstore.Pet" time="4.094"/>
  <system-out><![CDATA[Request method:	GET
Request URI:	https://petstore.swagger.io/v2/pet/28161106
Proxy:			<none>
Request params:	<none>
Query params:	<none>
Form params:	<none>
Path params:	<none>
Headers:		Accept=*/*
				Content-Type=application/json
Cookies:		<none>
Multiparts:		<none>
Body:			<none>
HTTP/1.1 200 OK
Date: Tue, 14 Mar 2023 17:23:21 GMT
Content-Type: application/json
Transfer-Encoding: chunked
Connection: keep-alive
Access-Control-Allow-Origin: *
Access-Control-Allow-Methods: GET, POST, DELETE, PUT
Access-Control-Allow-Headers: Content-Type, api_key, Authorization
Server: Jetty(9.2.9.v20150224)

{
    "id": 28161106,
    "category": {
        "id": 1,
        "name": "TX1106"
    },
    "name": "Menina",
    "photoUrls": [
        "string"
    ],
    "tags": [
        {
            "id": 20231106,
            "name": "data"
        }
    ],
    "status": "available"
}
O token Ã© TX1106
]]></system-out>
  <system-err><![CDATA[]]></system-err>
</testsuite>
